::1 - - [09/Jan/2019:03:31:37 +0000] "GET /not HTTP/1.1" 302 0 "-" "Mozilla/5.0 (X11; Linux x86_64) AppleWebKit/537.36 (KHTML, like Gecko) mnm/1.0.0 Chrome/69.0.3497.106 Electron/4.0.1 Safari/537.36"
::1 - - [09/Jan/2019:03:32:50 +0000] "GET /not HTTP/1.1" 302 0 "-" "Mozilla/5.0 (X11; Linux x86_64) AppleWebKit/537.36 (KHTML, like Gecko) mnm/1.0.0 Chrome/69.0.3497.106 Electron/4.0.1 Safari/537.36"
::1 - - [09/Jan/2019:03:34:21 +0000] "GET /not HTTP/1.1" 302 0 "-" "Mozilla/5.0 (X11; Linux x86_64) AppleWebKit/537.36 (KHTML, like Gecko) mnm/1.0.0 Chrome/69.0.3497.106 Electron/4.0.1 Safari/537.36"
::1 - - [09/Jan/2019:03:35:54 +0000] "GET /not HTTP/1.1" 302 0 "-" "Mozilla/5.0 (X11; Linux x86_64) AppleWebKit/537.36 (KHTML, like Gecko) mnm/1.0.0 Chrome/69.0.3497.106 Electron/4.0.1 Safari/537.36"
::1 - - [09/Jan/2019:03:38:50 +0000] "GET /not HTTP/1.1" 302 0 "-" "Mozilla/5.0 (X11; Linux x86_64) AppleWebKit/537.36 (KHTML, like Gecko) mnm/1.0.0 Chrome/69.0.3497.106 Electron/4.0.1 Safari/537.36"
::1 - - [09/Jan/2019:03:39:47 +0000] "GET /not HTTP/1.1" 302 0 "-" "SuperDuperAgent"
::1 - - [09/Jan/2019:03:41:42 +0000] "GET /not HTTP/1.1" 302 0 "-" "SuperDuperAgent"
::1 - - [09/Jan/2019:03:42:32 +0000] "GET /not HTTP/1.1" 302 0 "-" "SuperDuperAgent"
::1 - - [09/Jan/2019:03:44:52 +0000] "GET /not HTTP/1.1" 500 - "-" "Mozilla/5.0 (Windows NT 10.0; Win64; x64) AppleWebKit/537.36 (KHTML, like Gecko) Chrome/70.0.3538.110 Safari/537.36"
::1 - - [09/Jan/2019:03:45:07 +0000] "GET /not HTTP/1.1" 302 0 "-" "Mozilla/5.0 (Windows NT 10.0; Win64; x64) AppleWebKit/537.36 (KHTML, like Gecko) Chrome/70.0.3538.110 Safari/537.36"
::1 - - [09/Jan/2019:03:47:14 +0000] "GET /not HTTP/1.1" 302 0 "-" "Mozilla/5.0 (Windows NT 10.0; Win64; x64) AppleWebKit/537.36 (KHTML, like Gecko) Chrome/70.0.3538.110 Safari/537.36"
::1 - - [09/Jan/2019:04:06:14 +0000] "GET /not HTTP/1.1" 302 0 "-" "Mozilla/5.0 (Windows NT 10.0; Win64; x64) AppleWebKit/537.36 (KHTML, like Gecko) Chrome/70.0.3538.110 Safari/537.36"
::1 - - [09/Jan/2019:04:41:03 +0000] "GET /not HTTP/1.1" 200 5793 "-" "Mozilla/5.0 (Windows NT 10.0; Win64; x64) AppleWebKit/537.36 (KHTML, like Gecko) Chrome/70.0.3538.110 Safari/537.36"
::1 - - [09/Jan/2019:04:41:04 +0000] "GET /js/awstats_misc_tracker.js HTTP/1.1" 404 165 "http://localhost:3000/not" "Mozilla/5.0 (Windows NT 10.0; Win64; x64) AppleWebKit/537.36 (KHTML, like Gecko) Chrome/70.0.3538.110 Safari/537.36"
::1 - - [09/Jan/2019:04:41:04 +0000] "GET /js/awstats_misc_tracker.js HTTP/1.1" 404 165 "http://localhost:3000/not" "Mozilla/5.0 (Windows NT 10.0; Win64; x64) AppleWebKit/537.36 (KHTML, like Gecko) Chrome/70.0.3538.110 Safari/537.36"
::1 - - [09/Jan/2019:04:41:26 +0000] "GET /images/Sexy_Ben.jpeg HTTP/1.1" 404 159 "http://localhost:3000/not" "Mozilla/5.0 (Windows NT 10.0; Win64; x64) AppleWebKit/537.36 (KHTML, like Gecko) Chrome/70.0.3538.110 Safari/537.36"
::1 - - [09/Jan/2019:04:41:42 +0000] "GET /images/Sexy_Ben.jpeg HTTP/1.1" 404 159 "http://localhost:3000/not" "Mozilla/5.0 (Windows NT 10.0; Win64; x64) AppleWebKit/537.36 (KHTML, like Gecko) Chrome/70.0.3538.110 Safari/537.36"
::1 - - [09/Jan/2019:04:44:05 +0000] "GET /not HTTP/1.1" 200 5793 "-" "Mozilla/5.0 (Windows NT 10.0; Win64; x64) AppleWebKit/537.36 (KHTML, like Gecko) Chrome/70.0.3538.110 Safari/537.36"
::1 - - [09/Jan/2019:04:44:05 +0000] "GET /js/awstats_misc_tracker.js HTTP/1.1" 404 165 "http://localhost:3000/not" "Mozilla/5.0 (Windows NT 10.0; Win64; x64) AppleWebKit/537.36 (KHTML, like Gecko) Chrome/70.0.3538.110 Safari/537.36"
::1 - - [09/Jan/2019:04:44:16 +0000] "GET /images/Sexy_Ben.jpeg HTTP/1.1" 404 159 "http://localhost:3000/not" "Mozilla/5.0 (Windows NT 10.0; Win64; x64) AppleWebKit/537.36 (KHTML, like Gecko) Chrome/70.0.3538.110 Safari/537.36"
::1 - - [09/Jan/2019:04:44:27 +0000] "GET /images/Sexy_Ben.jpeg HTTP/1.1" 404 159 "http://localhost:3000/not" "Mozilla/5.0 (Windows NT 10.0; Win64; x64) AppleWebKit/537.36 (KHTML, like Gecko) Chrome/70.0.3538.110 Safari/537.36"
::1 - - [09/Jan/2019:04:46:59 +0000] "GET /not HTTP/1.1" 200 5793 "-" "Mozilla/5.0 (Windows NT 10.0; Win64; x64) AppleWebKit/537.36 (KHTML, like Gecko) Chrome/70.0.3538.110 Safari/537.36"
::1 - - [09/Jan/2019:04:46:59 +0000] "GET /js/awstats_misc_tracker.js HTTP/1.1" 404 165 "http://localhost:3000/not" "Mozilla/5.0 (Windows NT 10.0; Win64; x64) AppleWebKit/537.36 (KHTML, like Gecko) Chrome/70.0.3538.110 Safari/537.36"
::1 - - [09/Jan/2019:04:47:00 +0000] "GET /js/awstats_misc_tracker.js HTTP/1.1" 404 165 "http://localhost:3000/not" "Mozilla/5.0 (Windows NT 10.0; Win64; x64) AppleWebKit/537.36 (KHTML, like Gecko) Chrome/70.0.3538.110 Safari/537.36"
::1 - - [09/Jan/2019:04:47:10 +0000] "GET /images/Sexy_Ben.jpeg HTTP/1.1" 404 159 "http://localhost:3000/not" "Mozilla/5.0 (Windows NT 10.0; Win64; x64) AppleWebKit/537.36 (KHTML, like Gecko) Chrome/70.0.3538.110 Safari/537.36"
::1 - - [09/Jan/2019:04:47:29 +0000] "GET /images/Sexy_Ben.jpeg HTTP/1.1" 404 159 "http://localhost:3000/not" "Mozilla/5.0 (Windows NT 10.0; Win64; x64) AppleWebKit/537.36 (KHTML, like Gecko) Chrome/70.0.3538.110 Safari/537.36"
::1 - - [09/Jan/2019:04:48:41 +0000] "GET /not HTTP/1.1" 302 362 "-" "Mozilla/5.0 (Windows NT 10.0; Win64; x64) AppleWebKit/537.36 (KHTML, like Gecko) Chrome/70.0.3538.110 Safari/537.36"
::1 - - [09/Jan/2019:04:53:36 +0000] "GET /not HTTP/1.1" 200 5793 "-" "Mozilla/5.0 (Windows NT 10.0; Win64; x64) AppleWebKit/537.36 (KHTML, like Gecko) Chrome/70.0.3538.110 Safari/537.36"
::1 - - [09/Jan/2019:04:53:37 +0000] "GET /js/awstats_misc_tracker.js HTTP/1.1" 404 165 "http://localhost:3000/not" "Mozilla/5.0 (Windows NT 10.0; Win64; x64) AppleWebKit/537.36 (KHTML, like Gecko) Chrome/70.0.3538.110 Safari/537.36"
::1 - - [09/Jan/2019:04:56:00 +0000] "GET /not HTTP/1.1" 200 5793 "-" "Mozilla/5.0 (Windows NT 10.0; Win64; x64) AppleWebKit/537.36 (KHTML, like Gecko) Chrome/70.0.3538.110 Safari/537.36"
::1 - - [09/Jan/2019:04:56:00 +0000] "GET /js/awstats_misc_tracker.js HTTP/1.1" 404 165 "http://localhost:3000/not" "Mozilla/5.0 (Windows NT 10.0; Win64; x64) AppleWebKit/537.36 (KHTML, like Gecko) Chrome/70.0.3538.110 Safari/537.36"
::1 - - [09/Jan/2019:05:00:57 +0000] "GET /images/Sexy_Ben.jpeg HTTP/1.1" 404 159 "http://localhost:3000/not" "Mozilla/5.0 (Windows NT 10.0; Win64; x64) AppleWebKit/537.36 (KHTML, like Gecko) Chrome/70.0.3538.110 Safari/537.36"
::1 - - [09/Jan/2019:05:03:25 +0000] "GET /not HTTP/1.1" 200 5793 "-" "Mozilla/5.0 (Windows NT 10.0; Win64; x64) AppleWebKit/537.36 (KHTML, like Gecko) Chrome/70.0.3538.110 Safari/537.36"
::1 - - [09/Jan/2019:05:03:25 +0000] "GET /js/awstats_misc_tracker.js HTTP/1.1" 404 165 "http://localhost:3000/not" "Mozilla/5.0 (Windows NT 10.0; Win64; x64) AppleWebKit/537.36 (KHTML, like Gecko) Chrome/70.0.3538.110 Safari/537.36"
::1 - - [09/Jan/2019:05:03:34 +0000] "GET /images/Sexy_Ben.jpeg HTTP/1.1" 404 159 "http://localhost:3000/not" "Mozilla/5.0 (Windows NT 10.0; Win64; x64) AppleWebKit/537.36 (KHTML, like Gecko) Chrome/70.0.3538.110 Safari/537.36"
::1 - - [09/Jan/2019:05:15:03 +0000] "GET /not HTTP/1.1" 200 5793 "-" "Mozilla/5.0 (Windows NT 10.0; Win64; x64) AppleWebKit/537.36 (KHTML, like Gecko) Chrome/70.0.3538.110 Safari/537.36"
::1 - - [09/Jan/2019:05:15:03 +0000] "GET /js/awstats_misc_tracker.js HTTP/1.1" 404 165 "http://localhost:3000/not" "Mozilla/5.0 (Windows NT 10.0; Win64; x64) AppleWebKit/537.36 (KHTML, like Gecko) Chrome/70.0.3538.110 Safari/537.36"
::1 - - [09/Jan/2019:05:15:15 +0000] "GET /images/Sexy_Ben.jpeg HTTP/1.1" 404 159 "http://localhost:3000/not" "Mozilla/5.0 (Windows NT 10.0; Win64; x64) AppleWebKit/537.36 (KHTML, like Gecko) Chrome/70.0.3538.110 Safari/537.36"
::1 - - [09/Jan/2019:05:23:48 +0000] "GET /not HTTP/1.1" 200 5793 "-" "Mozilla/5.0 (Windows NT 10.0; Win64; x64) AppleWebKit/537.36 (KHTML, like Gecko) Chrome/70.0.3538.110 Safari/537.36"
::1 - - [09/Jan/2019:05:23:49 +0000] "GET /js/awstats_misc_tracker.js HTTP/1.1" 404 165 "http://localhost:3000/not" "Mozilla/5.0 (Windows NT 10.0; Win64; x64) AppleWebKit/537.36 (KHTML, like Gecko) Chrome/70.0.3538.110 Safari/537.36"
::1 - - [09/Jan/2019:05:24:02 +0000] "GET /images/Sexy_Ben.jpeg HTTP/1.1" 404 159 "http://localhost:3000/not" "Mozilla/5.0 (Windows NT 10.0; Win64; x64) AppleWebKit/537.36 (KHTML, like Gecko) Chrome/70.0.3538.110 Safari/537.36"
::1 - - [09/Jan/2019:05:25:53 +0000] "GET /images/Sexy_Ben.jpeg HTTP/1.1" 404 159 "http://localhost:3000/not" "Mozilla/5.0 (Windows NT 10.0; Win64; x64) AppleWebKit/537.36 (KHTML, like Gecko) Chrome/70.0.3538.110 Safari/537.36"
::1 - - [09/Jan/2019:05:34:14 +0000] "GET /not HTTP/1.1" 200 5793 "-" "Mozilla/5.0 (Windows NT 10.0; Win64; x64) AppleWebKit/537.36 (KHTML, like Gecko) Chrome/70.0.3538.110 Safari/537.36"
::1 - - [09/Jan/2019:05:34:15 +0000] "GET /js/awstats_misc_tracker.js HTTP/1.1" 404 165 "http://localhost:3000/not" "Mozilla/5.0 (Windows NT 10.0; Win64; x64) AppleWebKit/537.36 (KHTML, like Gecko) Chrome/70.0.3538.110 Safari/537.36"
::1 - - [09/Jan/2019:05:37:26 +0000] "GET /not HTTP/1.1" 200 5793 "-" "Mozilla/5.0 (Windows NT 10.0; Win64; x64) AppleWebKit/537.36 (KHTML, like Gecko) Chrome/70.0.3538.110 Safari/537.36"
::1 - - [09/Jan/2019:05:37:27 +0000] "GET /js/awstats_misc_tracker.js HTTP/1.1" 404 165 "http://localhost:3000/not" "Mozilla/5.0 (Windows NT 10.0; Win64; x64) AppleWebKit/537.36 (KHTML, like Gecko) Chrome/70.0.3538.110 Safari/537.36"
::1 - - [09/Jan/2019:05:44:53 +0000] "GET /images/Sexy_Ben.jpeg HTTP/1.1" 404 159 "http://localhost:3000/not" "Mozilla/5.0 (Windows NT 10.0; Win64; x64) AppleWebKit/537.36 (KHTML, like Gecko) Chrome/70.0.3538.110 Safari/537.36"
::1 - - [09/Jan/2019:05:50:33 +0000] "GET /not HTTP/1.1" 200 5793 "-" "Mozilla/5.0 (Windows NT 10.0; Win64; x64) AppleWebKit/537.36 (KHTML, like Gecko) Chrome/70.0.3538.110 Safari/537.36"
::1 - - [09/Jan/2019:05:50:33 +0000] "GET /js/awstats_misc_tracker.js HTTP/1.1" 404 165 "http://localhost:3000/not" "Mozilla/5.0 (Windows NT 10.0; Win64; x64) AppleWebKit/537.36 (KHTML, like Gecko) Chrome/70.0.3538.110 Safari/537.36"
::1 - - [09/Jan/2019:05:50:33 +0000] "GET /js/awstats_misc_tracker.js HTTP/1.1" 404 165 "http://localhost:3000/not" "Mozilla/5.0 (Windows NT 10.0; Win64; x64) AppleWebKit/537.36 (KHTML, like Gecko) Chrome/70.0.3538.110 Safari/537.36"
::1 - - [09/Jan/2019:05:54:29 +0000] "GET /not HTTP/1.1" 200 5793 "-" "Mozilla/5.0 (Windows NT 10.0; Win64; x64) AppleWebKit/537.36 (KHTML, like Gecko) towering-cows-whirl/1.0.0 Chrome/69.0.3497.106 Electron/4.0.1 Safari/537.36"
::1 - - [09/Jan/2019:05:54:29 +0000] "GET /js/awstats_misc_tracker.js HTTP/1.1" 404 165 "http://localhost:3000/not" "Mozilla/5.0 (Windows NT 10.0; Win64; x64) AppleWebKit/537.36 (KHTML, like Gecko) towering-cows-whirl/1.0.0 Chrome/69.0.3497.106 Electron/4.0.1 Safari/537.36"
::1 - - [09/Jan/2019:05:54:29 +0000] "GET /js/awstats_misc_tracker.js HTTP/1.1" 404 165 "http://localhost:3000/not" "Mozilla/5.0 (Windows NT 10.0; Win64; x64) AppleWebKit/537.36 (KHTML, like Gecko) towering-cows-whirl/1.0.0 Chrome/69.0.3497.106 Electron/4.0.1 Safari/537.36"
::1 - - [09/Jan/2019:05:55:43 +0000] "GET /not HTTP/1.1" 200 5793 "-" "Mozilla/5.0 (Windows NT 10.0; Win64; x64) AppleWebKit/537.36 (KHTML, like Gecko) towering-cows-whirl/1.0.0 Chrome/69.0.3497.106 Electron/4.0.1 Safari/537.36"
::1 - - [09/Jan/2019:05:55:44 +0000] "GET /js/awstats_misc_tracker.js HTTP/1.1" 404 165 "http://localhost:3000/not" "Mozilla/5.0 (Windows NT 10.0; Win64; x64) AppleWebKit/537.36 (KHTML, like Gecko) towering-cows-whirl/1.0.0 Chrome/69.0.3497.106 Electron/4.0.1 Safari/537.36"
::1 - - [09/Jan/2019:05:55:55 +0000] "GET /images/Sexy_Ben.jpeg HTTP/1.1" 404 159 "http://localhost:3000/not" "Mozilla/5.0 (Windows NT 10.0; Win64; x64) AppleWebKit/537.36 (KHTML, like Gecko) towering-cows-whirl/1.0.0 Chrome/69.0.3497.106 Electron/4.0.1 Safari/537.36"
::1 - - [09/Jan/2019:05:57:04 +0000] "GET /images/Sexy_Ben.jpeg HTTP/1.1" 404 159 "http://localhost:3000/not" "Mozilla/5.0 (Windows NT 10.0; Win64; x64) AppleWebKit/537.36 (KHTML, like Gecko) towering-cows-whirl/1.0.0 Chrome/69.0.3497.106 Electron/4.0.1 Safari/537.36"
::1 - - [09/Jan/2019:05:59:56 +0000] "GET /not HTTP/1.1" 200 5793 "-" "Mozilla/5.0 (Windows NT 10.0; Win64; x64) AppleWebKit/537.36 (KHTML, like Gecko) towering-cows-whirl/1.0.0 Chrome/69.0.3497.106 Electron/4.0.1 Safari/537.36"
::1 - - [09/Jan/2019:05:59:56 +0000] "GET /js/awstats_misc_tracker.js HTTP/1.1" 404 165 "http://localhost:3000/not" "Mozilla/5.0 (Windows NT 10.0; Win64; x64) AppleWebKit/537.36 (KHTML, like Gecko) towering-cows-whirl/1.0.0 Chrome/69.0.3497.106 Electron/4.0.1 Safari/537.36"
::1 - - [09/Jan/2019:05:59:56 +0000] "GET /js/awstats_misc_tracker.js HTTP/1.1" 404 165 "http://localhost:3000/not" "Mozilla/5.0 (Windows NT 10.0; Win64; x64) AppleWebKit/537.36 (KHTML, like Gecko) towering-cows-whirl/1.0.0 Chrome/69.0.3497.106 Electron/4.0.1 Safari/537.36"
::1 - - [09/Jan/2019:06:00:11 +0000] "GET /images/Sexy_Ben.jpeg HTTP/1.1" 404 159 "http://localhost:3000/not" "Mozilla/5.0 (Windows NT 10.0; Win64; x64) AppleWebKit/537.36 (KHTML, like Gecko) towering-cows-whirl/1.0.0 Chrome/69.0.3497.106 Electron/4.0.1 Safari/537.36"
::1 - - [09/Jan/2019:06:00:51 +0000] "GET /images/Sexy_Ben.jpeg HTTP/1.1" 404 159 "http://localhost:3000/not" "Mozilla/5.0 (Windows NT 10.0; Win64; x64) AppleWebKit/537.36 (KHTML, like Gecko) towering-cows-whirl/1.0.0 Chrome/69.0.3497.106 Electron/4.0.1 Safari/537.36"
::1 - - [09/Jan/2019:06:01:05 +0000] "GET /images/Sexy_Ben.jpeg HTTP/1.1" 404 159 "http://localhost:3000/not" "Mozilla/5.0 (Windows NT 10.0; Win64; x64) AppleWebKit/537.36 (KHTML, like Gecko) towering-cows-whirl/1.0.0 Chrome/69.0.3497.106 Electron/4.0.1 Safari/537.36"
::1 - - [09/Jan/2019:06:07:05 +0000] "GET /not HTTP/1.1" 200 5793 "-" "Mozilla/5.0 (Windows NT 10.0; Win64; x64) AppleWebKit/537.36 (KHTML, like Gecko) towering-cows-whirl/1.0.0 Chrome/69.0.3497.106 Electron/4.0.1 Safari/537.36"
::1 - - [09/Jan/2019:06:07:06 +0000] "GET /js/awstats_misc_tracker.js HTTP/1.1" 404 165 "http://localhost:3000/not" "Mozilla/5.0 (Windows NT 10.0; Win64; x64) AppleWebKit/537.36 (KHTML, like Gecko) towering-cows-whirl/1.0.0 Chrome/69.0.3497.106 Electron/4.0.1 Safari/537.36"
::1 - - [09/Jan/2019:06:07:37 +0000] "GET /not HTTP/1.1" 200 5793 "-" "Mozilla/5.0 (Windows NT 10.0; Win64; x64) AppleWebKit/537.36 (KHTML, like Gecko) towering-cows-whirl/1.0.0 Chrome/69.0.3497.106 Electron/4.0.1 Safari/537.36"
::1 - - [09/Jan/2019:06:07:38 +0000] "GET /js/awstats_misc_tracker.js HTTP/1.1" 404 165 "http://localhost:3000/not" "Mozilla/5.0 (Windows NT 10.0; Win64; x64) AppleWebKit/537.36 (KHTML, like Gecko) towering-cows-whirl/1.0.0 Chrome/69.0.3497.106 Electron/4.0.1 Safari/537.36"
::1 - - [09/Jan/2019:06:07:38 +0000] "GET /js/awstats_misc_tracker.js HTTP/1.1" 404 165 "http://localhost:3000/not" "Mozilla/5.0 (Windows NT 10.0; Win64; x64) AppleWebKit/537.36 (KHTML, like Gecko) towering-cows-whirl/1.0.0 Chrome/69.0.3497.106 Electron/4.0.1 Safari/537.36"
::1 - - [09/Jan/2019:06:08:33 +0000] "GET /not HTTP/1.1" 200 5793 "-" "Mozilla/5.0 (Windows NT 10.0; Win64; x64) AppleWebKit/537.36 (KHTML, like Gecko) towering-cows-whirl/1.0.0 Chrome/69.0.3497.106 Electron/4.0.1 Safari/537.36"
::1 - - [09/Jan/2019:06:08:33 +0000] "GET /js/awstats_misc_tracker.js HTTP/1.1" 404 165 "http://localhost:3000/not" "Mozilla/5.0 (Windows NT 10.0; Win64; x64) AppleWebKit/537.36 (KHTML, like Gecko) towering-cows-whirl/1.0.0 Chrome/69.0.3497.106 Electron/4.0.1 Safari/537.36"
